
R version 4.2.2 Patched (2022-11-10 r83330) -- "Innocent and Trusting"
Copyright (C) 2022 The R Foundation for Statistical Computing
Platform: x86_64-pc-linux-gnu (64-bit)

R is free software and comes with ABSOLUTELY NO WARRANTY.
You are welcome to redistribute it under certain conditions.
Type 'license()' or 'licence()' for distribution details.

R is a collaborative project with many contributors.
Type 'contributors()' for more information and
'citation()' on how to cite R or R packages in publications.

Type 'demo()' for some demos, 'help()' for on-line help, or
'help.start()' for an HTML browser interface to help.
Type 'q()' to quit R.

> packages <- c("data.table", "ggplot2", "dplyr", "tidyr")
> install.packages(packages, repos = "https://cloud.r-project.org/", Ncpus = 2)
Installing packages into ‘/home/ubuntu/R/library’
(as ‘lib’ is unspecified)
also installing the dependencies ‘utf8’, ‘pkgconfig’, ‘stringi’, ‘vctrs’, ‘generics’, ‘magrittr’, ‘pillar’, ‘tibble’, ‘tidyselect’, ‘purrr’, ‘stringr’, ‘cpp11’

trying URL 'https://cloud.r-project.org/src/contrib/utf8_1.2.6.tar.gz'
Content type 'application/x-gzip' length 243856 bytes (238 KB)
==================================================
downloaded 238 KB

trying URL 'https://cloud.r-project.org/src/contrib/pkgconfig_2.0.3.tar.gz'
Content type 'application/x-gzip' length 6080 bytes
==================================================
downloaded 6080 bytes

trying URL 'https://cloud.r-project.org/src/contrib/stringi_1.8.7.tar.gz'
Content type 'application/x-gzip' length 11910646 bytes (11.4 MB)
==================================================
downloaded 11.4 MB

trying URL 'https://cloud.r-project.org/src/contrib/vctrs_0.6.5.tar.gz'
Content type 'application/x-gzip' length 969066 bytes (946 KB)
==================================================
downloaded 946 KB

trying URL 'https://cloud.r-project.org/src/contrib/generics_0.1.4.tar.gz'
Content type 'application/x-gzip' length 47224 bytes (46 KB)
==================================================
downloaded 46 KB

trying URL 'https://cloud.r-project.org/src/contrib/magrittr_2.0.4.tar.gz'
Content type 'application/x-gzip' length 281790 bytes (275 KB)
==================================================
downloaded 275 KB

trying URL 'https://cloud.r-project.org/src/contrib/pillar_1.11.1.tar.gz'
Content type 'application/x-gzip' length 409508 bytes (399 KB)
==================================================
downloaded 399 KB

trying URL 'https://cloud.r-project.org/src/contrib/tibble_3.3.0.tar.gz'
Content type 'application/x-gzip' length 588671 bytes (574 KB)
==================================================
downloaded 574 KB

trying URL 'https://cloud.r-project.org/src/contrib/tidyselect_1.2.1.tar.gz'
Content type 'application/x-gzip' length 103591 bytes (101 KB)
==================================================
downloaded 101 KB

trying URL 'https://cloud.r-project.org/src/contrib/purrr_1.1.0.tar.gz'
Content type 'application/x-gzip' length 263975 bytes (257 KB)
==================================================
downloaded 257 KB

trying URL 'https://cloud.r-project.org/src/contrib/stringr_1.5.2.tar.gz'
Content type 'application/x-gzip' length 178018 bytes (173 KB)
==================================================
downloaded 173 KB

trying URL 'https://cloud.r-project.org/src/contrib/cpp11_0.5.2.tar.gz'
Content type 'application/x-gzip' length 291993 bytes (285 KB)
==================================================
downloaded 285 KB

trying URL 'https://cloud.r-project.org/src/contrib/data.table_1.17.8.tar.gz'
Content type 'application/x-gzip' length 5808720 bytes (5.5 MB)
==================================================
downloaded 5.5 MB

trying URL 'https://cloud.r-project.org/src/contrib/ggplot2_4.0.0.tar.gz'
Content type 'application/x-gzip' length 3810397 bytes (3.6 MB)
==================================================
downloaded 3.6 MB

trying URL 'https://cloud.r-project.org/src/contrib/dplyr_1.1.4.tar.gz'
Content type 'application/x-gzip' length 1207521 bytes (1.2 MB)
==================================================
downloaded 1.2 MB

trying URL 'https://cloud.r-project.org/src/contrib/tidyr_1.3.1.tar.gz'
Content type 'application/x-gzip' length 809058 bytes (790 KB)
==================================================
downloaded 790 KB

begin installing package ‘pkgconfig’
begin installing package ‘utf8’
* installing *source* package ‘pkgconfig’ ...
** package ‘pkgconfig’ successfully unpacked and MD5 sums checked
** using staged installation
** R
** inst
** byte-compile and prepare package for lazy loading
** help
*** installing help indices
** building package indices
** testing if installed package can be loaded from temporary location
** testing if installed package can be loaded from final location
** testing if installed package keeps a record of temporary installation path
* DONE (pkgconfig)
begin installing package ‘stringi’
* installing *source* package ‘utf8’ ...
** package ‘utf8’ successfully unpacked and MD5 sums checked
** using staged installation
** libs
make[1]: Entering directory '/tmp/RtmpNa1vJ8/R.INSTALLbf243ba7267/utf8/src'
gcc -I"/usr/share/R/include" -DNDEBUG     -Iutf8lite/src -fpic  -g -O2 -ffile-prefix-map=/build/r-base-wZDgjM/r-base-4.2.2.20221110=. -fstack-protector-strong -Wformat -Werror=format-security -Wdate-time -D_FORTIFY_SOURCE=2  -c as_utf8.c -o as_utf8.o
gcc -I"/usr/share/R/include" -DNDEBUG     -Iutf8lite/src -fpic  -g -O2 -ffile-prefix-map=/build/r-base-wZDgjM/r-base-4.2.2.20221110=. -fstack-protector-strong -Wformat -Werror=format-security -Wdate-time -D_FORTIFY_SOURCE=2  -c bytes.c -o bytes.o
gcc -I"/usr/share/R/include" -DNDEBUG     -Iutf8lite/src -fpic  -g -O2 -ffile-prefix-map=/build/r-base-wZDgjM/r-base-4.2.2.20221110=. -fstack-protector-strong -Wformat -Werror=format-security -Wdate-time -D_FORTIFY_SOURCE=2  -c context.c -o context.o
gcc -I"/usr/share/R/include" -DNDEBUG     -Iutf8lite/src -fpic  -g -O2 -ffile-prefix-map=/build/r-base-wZDgjM/r-base-4.2.2.20221110=. -fstack-protector-strong -Wformat -Werror=format-security -Wdate-time -D_FORTIFY_SOURCE=2  -c init.c -o init.o
gcc -I"/usr/share/R/include" -DNDEBUG     -Iutf8lite/src -fpic  -g -O2 -ffile-prefix-map=/build/r-base-wZDgjM/r-base-4.2.2.20221110=. -fstack-protector-strong -Wformat -Werror=format-security -Wdate-time -D_FORTIFY_SOURCE=2  -c render.c -o render.o
gcc -I"/usr/share/R/include" -DNDEBUG     -Iutf8lite/src -fpic  -g -O2 -ffile-prefix-map=/build/r-base-wZDgjM/r-base-4.2.2.20221110=. -fstack-protector-strong -Wformat -Werror=format-security -Wdate-time -D_FORTIFY_SOURCE=2  -c render_table.c -o render_table.o
gcc -I"/usr/share/R/include" -DNDEBUG     -Iutf8lite/src -fpic  -g -O2 -ffile-prefix-map=/build/r-base-wZDgjM/r-base-4.2.2.20221110=. -fstack-protector-strong -Wformat -Werror=format-security -Wdate-time -D_FORTIFY_SOURCE=2  -c string.c -o string.o
gcc -I"/usr/share/R/include" -DNDEBUG     -Iutf8lite/src -fpic  -g -O2 -ffile-prefix-map=/build/r-base-wZDgjM/r-base-4.2.2.20221110=. -fstack-protector-strong -Wformat -Werror=format-security -Wdate-time -D_FORTIFY_SOURCE=2  -c text.c -o text.o
gcc -I"/usr/share/R/include" -DNDEBUG     -Iutf8lite/src -fpic  -g -O2 -ffile-prefix-map=/build/r-base-wZDgjM/r-base-4.2.2.20221110=. -fstack-protector-strong -Wformat -Werror=format-security -Wdate-time -D_FORTIFY_SOURCE=2  -c utf8_encode.c -o utf8_encode.o
gcc -I"/usr/share/R/include" -DNDEBUG     -Iutf8lite/src -fpic  -g -O2 -ffile-prefix-map=/build/r-base-wZDgjM/r-base-4.2.2.20221110=. -fstack-protector-strong -Wformat -Werror=format-security -Wdate-time -D_FORTIFY_SOURCE=2  -c utf8_format.c -o utf8_format.o
gcc -I"/usr/share/R/include" -DNDEBUG     -Iutf8lite/src -fpic  -g -O2 -ffile-prefix-map=/build/r-base-wZDgjM/r-base-4.2.2.20221110=. -fstack-protector-strong -Wformat -Werror=format-security -Wdate-time -D_FORTIFY_SOURCE=2  -c utf8_normalize.c -o utf8_normalize.o
gcc -I"/usr/share/R/include" -DNDEBUG     -Iutf8lite/src -fpic  -g -O2 -ffile-prefix-map=/build/r-base-wZDgjM/r-base-4.2.2.20221110=. -fstack-protector-strong -Wformat -Werror=format-security -Wdate-time -D_FORTIFY_SOURCE=2  -c utf8_valid.c -o utf8_valid.o
gcc -I"/usr/share/R/include" -DNDEBUG     -Iutf8lite/src -fpic  -g -O2 -ffile-prefix-map=/build/r-base-wZDgjM/r-base-4.2.2.20221110=. -fstack-protector-strong -Wformat -Werror=format-security -Wdate-time -D_FORTIFY_SOURCE=2  -c utf8_width.c -o utf8_width.o
gcc -I"/usr/share/R/include" -DNDEBUG     -Iutf8lite/src -fpic  -g -O2 -ffile-prefix-map=/build/r-base-wZDgjM/r-base-4.2.2.20221110=. -fstack-protector-strong -Wformat -Werror=format-security -Wdate-time -D_FORTIFY_SOURCE=2  -c util.c -o util.o
gcc -I"/usr/share/R/include" -DNDEBUG     -Iutf8lite/src -fpic  -g -O2 -ffile-prefix-map=/build/r-base-wZDgjM/r-base-4.2.2.20221110=. -fstack-protector-strong -Wformat -Werror=format-security -Wdate-time -D_FORTIFY_SOURCE=2  -c utf8lite/src/array.c -o utf8lite/src/array.o
gcc -I"/usr/share/R/include" -DNDEBUG     -Iutf8lite/src -fpic  -g -O2 -ffile-prefix-map=/build/r-base-wZDgjM/r-base-4.2.2.20221110=. -fstack-protector-strong -Wformat -Werror=format-security -Wdate-time -D_FORTIFY_SOURCE=2  -c utf8lite/src/char.c -o utf8lite/src/char.o
gcc -I"/usr/share/R/include" -DNDEBUG     -Iutf8lite/src -fpic  -g -O2 -ffile-prefix-map=/build/r-base-wZDgjM/r-base-4.2.2.20221110=. -fstack-protector-strong -Wformat -Werror=format-security -Wdate-time -D_FORTIFY_SOURCE=2  -c utf8lite/src/encode.c -o utf8lite/src/encode.o
gcc -I"/usr/share/R/include" -DNDEBUG     -Iutf8lite/src -fpic  -g -O2 -ffile-prefix-map=/build/r-base-wZDgjM/r-base-4.2.2.20221110=. -fstack-protector-strong -Wformat -Werror=format-security -Wdate-time -D_FORTIFY_SOURCE=2  -c utf8lite/src/error.c -o utf8lite/src/error.o
gcc -I"/usr/share/R/include" -DNDEBUG     -Iutf8lite/src -fpic  -g -O2 -ffile-prefix-map=/build/r-base-wZDgjM/r-base-4.2.2.20221110=. -fstack-protector-strong -Wformat -Werror=format-security -Wdate-time -D_FORTIFY_SOURCE=2  -c utf8lite/src/escape.c -o utf8lite/src/escape.o
gcc -I"/usr/share/R/include" -DNDEBUG     -Iutf8lite/src -fpic  -g -O2 -ffile-prefix-map=/build/r-base-wZDgjM/r-base-4.2.2.20221110=. -fstack-protector-strong -Wformat -Werror=format-security -Wdate-time -D_FORTIFY_SOURCE=2  -c utf8lite/src/graph.c -o utf8lite/src/graph.o
gcc -I"/usr/share/R/include" -DNDEBUG     -Iutf8lite/src -fpic  -g -O2 -ffile-prefix-map=/build/r-base-wZDgjM/r-base-4.2.2.20221110=. -fstack-protector-strong -Wformat -Werror=format-security -Wdate-time -D_FORTIFY_SOURCE=2  -c utf8lite/src/graphscan.c -o utf8lite/src/graphscan.o
gcc -I"/usr/share/R/include" -DNDEBUG     -Iutf8lite/src -fpic  -g -O2 -ffile-prefix-map=/build/r-base-wZDgjM/r-base-4.2.2.20221110=. -fstack-protector-strong -Wformat -Werror=format-security -Wdate-time -D_FORTIFY_SOURCE=2  -c utf8lite/src/normalize.c -o utf8lite/src/normalize.o
gcc -I"/usr/share/R/include" -DNDEBUG     -Iutf8lite/src -fpic  -g -O2 -ffile-prefix-map=/build/r-base-wZDgjM/r-base-4.2.2.20221110=. -fstack-protector-strong -Wformat -Werror=format-security -Wdate-time -D_FORTIFY_SOURCE=2  -c utf8lite/src/render.c -o utf8lite/src/render.o
gcc -I"/usr/share/R/include" -DNDEBUG     -Iutf8lite/src -fpic  -g -O2 -ffile-prefix-map=/build/r-base-wZDgjM/r-base-4.2.2.20221110=. -fstack-protector-strong -Wformat -Werror=format-security -Wdate-time -D_FORTIFY_SOURCE=2  -c utf8lite/src/text.c -o utf8lite/src/text.o
gcc -I"/usr/share/R/include" -DNDEBUG     -Iutf8lite/src -fpic  -g -O2 -ffile-prefix-map=/build/r-base-wZDgjM/r-base-4.2.2.20221110=. -fstack-protector-strong -Wformat -Werror=format-security -Wdate-time -D_FORTIFY_SOURCE=2  -c utf8lite/src/textassign.c -o utf8lite/src/textassign.o
gcc -I"/usr/share/R/include" -DNDEBUG     -Iutf8lite/src -fpic  -g -O2 -ffile-prefix-map=/build/r-base-wZDgjM/r-base-4.2.2.20221110=. -fstack-protector-strong -Wformat -Werror=format-security -Wdate-time -D_FORTIFY_SOURCE=2  -c utf8lite/src/textiter.c -o utf8lite/src/textiter.o
gcc -I"/usr/share/R/include" -DNDEBUG     -Iutf8lite/src -fpic  -g -O2 -ffile-prefix-map=/build/r-base-wZDgjM/r-base-4.2.2.20221110=. -fstack-protector-strong -Wformat -Werror=format-security -Wdate-time -D_FORTIFY_SOURCE=2  -c utf8lite/src/textmap.c -o utf8lite/src/textmap.o
ar rcs libcutf8lite.a utf8lite/src/array.o utf8lite/src/char.o utf8lite/src/encode.o utf8lite/src/error.o utf8lite/src/escape.o utf8lite/src/graph.o utf8lite/src/graphscan.o utf8lite/src/normalize.o utf8lite/src/render.o utf8lite/src/text.o utf8lite/src/textassign.o utf8lite/src/textiter.o utf8lite/src/textmap.o
gcc -shared -L/usr/lib/R/lib -Wl,-z,relro -o utf8.so as_utf8.o bytes.o context.o init.o render.o render_table.o string.o text.o utf8_encode.o utf8_format.o utf8_normalize.o utf8_valid.o utf8_width.o util.o -L. -lcutf8lite -L/usr/lib/R/lib -lR
make[1]: Leaving directory '/tmp/RtmpNa1vJ8/R.INSTALLbf243ba7267/utf8/src'
installing to /home/ubuntu/R/library/00LOCK-utf8/00new/utf8/libs
** R
** inst
** byte-compile and prepare package for lazy loading
** help
*** installing help indices
** building package indices
** installing vignettes
** testing if installed package can be loaded from temporary location
** checking absolute paths in shared objects and dynamic libraries
** testing if installed package can be loaded from final location
** testing if installed package keeps a record of temporary installation path
* DONE (utf8)
begin installing package ‘vctrs’
make: *** [Makefile:21: vctrs.ts] Error 3
begin installing package ‘generics’
* installing *source* package ‘generics’ ...
** package ‘generics’ successfully unpacked and MD5 sums checked
** using staged installation
** R
** byte-compile and prepare package for lazy loading
** help
*** installing help indices
** building package indices
** testing if installed package can be loaded from temporary location
** testing if installed package can be loaded from final location
** testing if installed package keeps a record of temporary installation path
* DONE (generics)
begin installing package ‘magrittr’
* installing *source* package ‘magrittr’ ...
** package ‘magrittr’ successfully unpacked and MD5 sums checked
** using staged installation
** libs
make[1]: Entering directory '/tmp/RtmpLobdKF/R.INSTALLfa170e80b62/magrittr/src'
gcc -I"/usr/share/R/include" -DNDEBUG      -fpic  -g -O2 -ffile-prefix-map=/build/r-base-wZDgjM/r-base-4.2.2.20221110=. -fstack-protector-strong -Wformat -Werror=format-security -Wdate-time -D_FORTIFY_SOURCE=2  -c pipe.c -o pipe.o
gcc -I"/usr/share/R/include" -DNDEBUG      -fpic  -g -O2 -ffile-prefix-map=/build/r-base-wZDgjM/r-base-4.2.2.20221110=. -fstack-protector-strong -Wformat -Werror=format-security -Wdate-time -D_FORTIFY_SOURCE=2  -c utils.c -o utils.o
gcc -shared -L/usr/lib/R/lib -Wl,-z,relro -o magrittr.so pipe.o utils.o -L/usr/lib/R/lib -lR
make[1]: Leaving directory '/tmp/RtmpLobdKF/R.INSTALLfa170e80b62/magrittr/src'
installing to /home/ubuntu/R/library/00LOCK-magrittr/00new/magrittr/libs
** R
** inst
** byte-compile and prepare package for lazy loading
** help
*** installing help indices
*** copying figures
** building package indices
** installing vignettes
** testing if installed package can be loaded from temporary location
** checking absolute paths in shared objects and dynamic libraries
** testing if installed package can be loaded from final location
** testing if installed package keeps a record of temporary installation path
* DONE (magrittr)
begin installing package ‘cpp11’
* installing *source* package ‘cpp11’ ...
** package ‘cpp11’ successfully unpacked and MD5 sums checked
** using staged installation
** R
** inst
** byte-compile and prepare package for lazy loading
** help
*** installing help indices
** building package indices
** installing vignettes
** testing if installed package can be loaded from temporary location
** testing if installed package can be loaded from final location
** testing if installed package keeps a record of temporary installation path
* DONE (cpp11)
begin installing package ‘data.table’
* installing *source* package ‘data.table’ ...
** package ‘data.table’ successfully unpacked and MD5 sums checked
** using staged installation
gcc 12.2.0
zlib 1.2.13 is available ok
* checking if R installation supports OpenMP without any extra hints... yes
** libs
make[1]: Entering directory '/tmp/RtmpvrIq3l/R.INSTALL104627798ad4/data.table/src'
gcc -I"/usr/share/R/include" -DNDEBUG     -fopenmp  -fpic  -g -O2 -ffile-prefix-map=/build/r-base-wZDgjM/r-base-4.2.2.20221110=. -fstack-protector-strong -Wformat -Werror=format-security -Wdate-time -D_FORTIFY_SOURCE=2  -c assign.c -o assign.o
gcc -I"/usr/share/R/include" -DNDEBUG     -fopenmp  -fpic  -g -O2 -ffile-prefix-map=/build/r-base-wZDgjM/r-base-4.2.2.20221110=. -fstack-protector-strong -Wformat -Werror=format-security -Wdate-time -D_FORTIFY_SOURCE=2  -c between.c -o between.o
gcc -I"/usr/share/R/include" -DNDEBUG     -fopenmp  -fpic  -g -O2 -ffile-prefix-map=/build/r-base-wZDgjM/r-base-4.2.2.20221110=. -fstack-protector-strong -Wformat -Werror=format-security -Wdate-time -D_FORTIFY_SOURCE=2  -c bmerge.c -o bmerge.o
gcc -I"/usr/share/R/include" -DNDEBUG     -fopenmp  -fpic  -g -O2 -ffile-prefix-map=/build/r-base-wZDgjM/r-base-4.2.2.20221110=. -fstack-protector-strong -Wformat -Werror=format-security -Wdate-time -D_FORTIFY_SOURCE=2  -c chmatch.c -o chmatch.o
gcc -I"/usr/share/R/include" -DNDEBUG     -fopenmp  -fpic  -g -O2 -ffile-prefix-map=/build/r-base-wZDgjM/r-base-4.2.2.20221110=. -fstack-protector-strong -Wformat -Werror=format-security -Wdate-time -D_FORTIFY_SOURCE=2  -c cj.c -o cj.o
gcc -I"/usr/share/R/include" -DNDEBUG     -fopenmp  -fpic  -g -O2 -ffile-prefix-map=/build/r-base-wZDgjM/r-base-4.2.2.20221110=. -fstack-protector-strong -Wformat -Werror=format-security -Wdate-time -D_FORTIFY_SOURCE=2  -c coalesce.c -o coalesce.o
gcc -I"/usr/share/R/include" -DNDEBUG     -fopenmp  -fpic  -g -O2 -ffile-prefix-map=/build/r-base-wZDgjM/r-base-4.2.2.20221110=. -fstack-protector-strong -Wformat -Werror=format-security -Wdate-time -D_FORTIFY_SOURCE=2  -c dogroups.c -o dogroups.o
gcc -I"/usr/share/R/include" -DNDEBUG     -fopenmp  -fpic  -g -O2 -ffile-prefix-map=/build/r-base-wZDgjM/r-base-4.2.2.20221110=. -fstack-protector-strong -Wformat -Werror=format-security -Wdate-time -D_FORTIFY_SOURCE=2  -c fastmean.c -o fastmean.o
gcc -I"/usr/share/R/include" -DNDEBUG     -fopenmp  -fpic  -g -O2 -ffile-prefix-map=/build/r-base-wZDgjM/r-base-4.2.2.20221110=. -fstack-protector-strong -Wformat -Werror=format-security -Wdate-time -D_FORTIFY_SOURCE=2  -c fcast.c -o fcast.o
gcc -I"/usr/share/R/include" -DNDEBUG     -fopenmp  -fpic  -g -O2 -ffile-prefix-map=/build/r-base-wZDgjM/r-base-4.2.2.20221110=. -fstack-protector-strong -Wformat -Werror=format-security -Wdate-time -D_FORTIFY_SOURCE=2  -c fifelse.c -o fifelse.o
gcc -I"/usr/share/R/include" -DNDEBUG     -fopenmp  -fpic  -g -O2 -ffile-prefix-map=/build/r-base-wZDgjM/r-base-4.2.2.20221110=. -fstack-protector-strong -Wformat -Werror=format-security -Wdate-time -D_FORTIFY_SOURCE=2  -c fmelt.c -o fmelt.o
gcc -I"/usr/share/R/include" -DNDEBUG     -fopenmp  -fpic  -g -O2 -ffile-prefix-map=/build/r-base-wZDgjM/r-base-4.2.2.20221110=. -fstack-protector-strong -Wformat -Werror=format-security -Wdate-time -D_FORTIFY_SOURCE=2  -c forder.c -o forder.o
gcc -I"/usr/share/R/include" -DNDEBUG     -fopenmp  -fpic  -g -O2 -ffile-prefix-map=/build/r-base-wZDgjM/r-base-4.2.2.20221110=. -fstack-protector-strong -Wformat -Werror=format-security -Wdate-time -D_FORTIFY_SOURCE=2  -c frank.c -o frank.o
gcc -I"/usr/share/R/include" -DNDEBUG     -fopenmp  -fpic  -g -O2 -ffile-prefix-map=/build/r-base-wZDgjM/r-base-4.2.2.20221110=. -fstack-protector-strong -Wformat -Werror=format-security -Wdate-time -D_FORTIFY_SOURCE=2  -c fread.c -o fread.o
gcc -I"/usr/share/R/include" -DNDEBUG     -fopenmp  -fpic  -g -O2 -ffile-prefix-map=/build/r-base-wZDgjM/r-base-4.2.2.20221110=. -fstack-protector-strong -Wformat -Werror=format-security -Wdate-time -D_FORTIFY_SOURCE=2  -c freadR.c -o freadR.o
gcc -I"/usr/share/R/include" -DNDEBUG     -fopenmp  -fpic  -g -O2 -ffile-prefix-map=/build/r-base-wZDgjM/r-base-4.2.2.20221110=. -fstack-protector-strong -Wformat -Werror=format-security -Wdate-time -D_FORTIFY_SOURCE=2  -c froll.c -o froll.o
gcc -I"/usr/share/R/include" -DNDEBUG     -fopenmp  -fpic  -g -O2 -ffile-prefix-map=/build/r-base-wZDgjM/r-base-4.2.2.20221110=. -fstack-protector-strong -Wformat -Werror=format-security -Wdate-time -D_FORTIFY_SOURCE=2  -c frollR.c -o frollR.o
gcc -I"/usr/share/R/include" -DNDEBUG     -fopenmp  -fpic  -g -O2 -ffile-prefix-map=/build/r-base-wZDgjM/r-base-4.2.2.20221110=. -fstack-protector-strong -Wformat -Werror=format-security -Wdate-time -D_FORTIFY_SOURCE=2  -c frolladaptive.c -o frolladaptive.o
gcc -I"/usr/share/R/include" -DNDEBUG     -fopenmp  -fpic  -g -O2 -ffile-prefix-map=/build/r-base-wZDgjM/r-base-4.2.2.20221110=. -fstack-protector-strong -Wformat -Werror=format-security -Wdate-time -D_FORTIFY_SOURCE=2  -c fsort.c -o fsort.o
gcc -I"/usr/share/R/include" -DNDEBUG     -fopenmp  -fpic  -g -O2 -ffile-prefix-map=/build/r-base-wZDgjM/r-base-4.2.2.20221110=. -fstack-protector-strong -Wformat -Werror=format-security -Wdate-time -D_FORTIFY_SOURCE=2  -c fwrite.c -o fwrite.o
gcc -I"/usr/share/R/include" -DNDEBUG     -fopenmp  -fpic  -g -O2 -ffile-prefix-map=/build/r-base-wZDgjM/r-base-4.2.2.20221110=. -fstack-protector-strong -Wformat -Werror=format-security -Wdate-time -D_FORTIFY_SOURCE=2  -c fwriteR.c -o fwriteR.o
gcc -I"/usr/share/R/include" -DNDEBUG     -fopenmp  -fpic  -g -O2 -ffile-prefix-map=/build/r-base-wZDgjM/r-base-4.2.2.20221110=. -fstack-protector-strong -Wformat -Werror=format-security -Wdate-time -D_FORTIFY_SOURCE=2  -c gsumm.c -o gsumm.o
gcc -I"/usr/share/R/include" -DNDEBUG     -fopenmp  -fpic  -g -O2 -ffile-prefix-map=/build/r-base-wZDgjM/r-base-4.2.2.20221110=. -fstack-protector-strong -Wformat -Werror=format-security -Wdate-time -D_FORTIFY_SOURCE=2  -c idatetime.c -o idatetime.o
gcc -I"/usr/share/R/include" -DNDEBUG     -fopenmp  -fpic  -g -O2 -ffile-prefix-map=/build/r-base-wZDgjM/r-base-4.2.2.20221110=. -fstack-protector-strong -Wformat -Werror=format-security -Wdate-time -D_FORTIFY_SOURCE=2  -c ijoin.c -o ijoin.o
gcc -I"/usr/share/R/include" -DNDEBUG     -fopenmp  -fpic  -g -O2 -ffile-prefix-map=/build/r-base-wZDgjM/r-base-4.2.2.20221110=. -fstack-protector-strong -Wformat -Werror=format-security -Wdate-time -D_FORTIFY_SOURCE=2  -c init.c -o init.o
gcc -I"/usr/share/R/include" -DNDEBUG     -fopenmp  -fpic  -g -O2 -ffile-prefix-map=/build/r-base-wZDgjM/r-base-4.2.2.20221110=. -fstack-protector-strong -Wformat -Werror=format-security -Wdate-time -D_FORTIFY_SOURCE=2  -c inrange.c -o inrange.o
gcc -I"/usr/share/R/include" -DNDEBUG     -fopenmp  -fpic  -g -O2 -ffile-prefix-map=/build/r-base-wZDgjM/r-base-4.2.2.20221110=. -fstack-protector-strong -Wformat -Werror=format-security -Wdate-time -D_FORTIFY_SOURCE=2  -c nafill.c -o nafill.o
gcc -I"/usr/share/R/include" -DNDEBUG     -fopenmp  -fpic  -g -O2 -ffile-prefix-map=/build/r-base-wZDgjM/r-base-4.2.2.20221110=. -fstack-protector-strong -Wformat -Werror=format-security -Wdate-time -D_FORTIFY_SOURCE=2  -c negate.c -o negate.o
gcc -I"/usr/share/R/include" -DNDEBUG     -fopenmp  -fpic  -g -O2 -ffile-prefix-map=/build/r-base-wZDgjM/r-base-4.2.2.20221110=. -fstack-protector-strong -Wformat -Werror=format-security -Wdate-time -D_FORTIFY_SOURCE=2  -c nqrecreateindices.c -o nqrecreateindices.o
gcc -I"/usr/share/R/include" -DNDEBUG     -fopenmp  -fpic  -g -O2 -ffile-prefix-map=/build/r-base-wZDgjM/r-base-4.2.2.20221110=. -fstack-protector-strong -Wformat -Werror=format-security -Wdate-time -D_FORTIFY_SOURCE=2  -c openmp-utils.c -o openmp-utils.o
gcc -I"/usr/share/R/include" -DNDEBUG     -fopenmp  -fpic  -g -O2 -ffile-prefix-map=/build/r-base-wZDgjM/r-base-4.2.2.20221110=. -fstack-protector-strong -Wformat -Werror=format-security -Wdate-time -D_FORTIFY_SOURCE=2  -c programming.c -o programming.o
gcc -I"/usr/share/R/include" -DNDEBUG     -fopenmp  -fpic  -g -O2 -ffile-prefix-map=/build/r-base-wZDgjM/r-base-4.2.2.20221110=. -fstack-protector-strong -Wformat -Werror=format-security -Wdate-time -D_FORTIFY_SOURCE=2  -c quickselect.c -o quickselect.o
gcc -I"/usr/share/R/include" -DNDEBUG     -fopenmp  -fpic  -g -O2 -ffile-prefix-map=/build/r-base-wZDgjM/r-base-4.2.2.20221110=. -fstack-protector-strong -Wformat -Werror=format-security -Wdate-time -D_FORTIFY_SOURCE=2  -c rbindlist.c -o rbindlist.o
gcc -I"/usr/share/R/include" -DNDEBUG     -fopenmp  -fpic  -g -O2 -ffile-prefix-map=/build/r-base-wZDgjM/r-base-4.2.2.20221110=. -fstack-protector-strong -Wformat -Werror=format-security -Wdate-time -D_FORTIFY_SOURCE=2  -c reorder.c -o reorder.o
gcc -I"/usr/share/R/include" -DNDEBUG     -fopenmp  -fpic  -g -O2 -ffile-prefix-map=/build/r-base-wZDgjM/r-base-4.2.2.20221110=. -fstack-protector-strong -Wformat -Werror=format-security -Wdate-time -D_FORTIFY_SOURCE=2  -c shift.c -o shift.o
gcc -I"/usr/share/R/include" -DNDEBUG     -fopenmp  -fpic  -g -O2 -ffile-prefix-map=/build/r-base-wZDgjM/r-base-4.2.2.20221110=. -fstack-protector-strong -Wformat -Werror=format-security -Wdate-time -D_FORTIFY_SOURCE=2  -c snprintf.c -o snprintf.o
gcc -I"/usr/share/R/include" -DNDEBUG     -fopenmp  -fpic  -g -O2 -ffile-prefix-map=/build/r-base-wZDgjM/r-base-4.2.2.20221110=. -fstack-protector-strong -Wformat -Werror=format-security -Wdate-time -D_FORTIFY_SOURCE=2  -c subset.c -o subset.o
gcc -I"/usr/share/R/include" -DNDEBUG     -fopenmp  -fpic  -g -O2 -ffile-prefix-map=/build/r-base-wZDgjM/r-base-4.2.2.20221110=. -fstack-protector-strong -Wformat -Werror=format-security -Wdate-time -D_FORTIFY_SOURCE=2  -c transpose.c -o transpose.o
gcc -I"/usr/share/R/include" -DNDEBUG     -fopenmp  -fpic  -g -O2 -ffile-prefix-map=/build/r-base-wZDgjM/r-base-4.2.2.20221110=. -fstack-protector-strong -Wformat -Werror=format-security -Wdate-time -D_FORTIFY_SOURCE=2  -c types.c -o types.o
gcc -I"/usr/share/R/include" -DNDEBUG     -fopenmp  -fpic  -g -O2 -ffile-prefix-map=/build/r-base-wZDgjM/r-base-4.2.2.20221110=. -fstack-protector-strong -Wformat -Werror=format-security -Wdate-time -D_FORTIFY_SOURCE=2  -c uniqlist.c -o uniqlist.o
gcc -I"/usr/share/R/include" -DNDEBUG     -fopenmp  -fpic  -g -O2 -ffile-prefix-map=/build/r-base-wZDgjM/r-base-4.2.2.20221110=. -fstack-protector-strong -Wformat -Werror=format-security -Wdate-time -D_FORTIFY_SOURCE=2  -c utils.c -o utils.o
gcc -I"/usr/share/R/include" -DNDEBUG     -fopenmp  -fpic  -g -O2 -ffile-prefix-map=/build/r-base-wZDgjM/r-base-4.2.2.20221110=. -fstack-protector-strong -Wformat -Werror=format-security -Wdate-time -D_FORTIFY_SOURCE=2  -c vecseq.c -o vecseq.o
gcc -I"/usr/share/R/include" -DNDEBUG     -fopenmp  -fpic  -g -O2 -ffile-prefix-map=/build/r-base-wZDgjM/r-base-4.2.2.20221110=. -fstack-protector-strong -Wformat -Werror=format-security -Wdate-time -D_FORTIFY_SOURCE=2  -c wrappers.c -o wrappers.o
gcc -shared -L/usr/lib/R/lib -Wl,-z,relro -o data.table.so assign.o between.o bmerge.o chmatch.o cj.o coalesce.o dogroups.o fastmean.o fcast.o fifelse.o fmelt.o forder.o frank.o fread.o freadR.o froll.o frollR.o frolladaptive.o fsort.o fwrite.o fwriteR.o gsumm.o idatetime.o ijoin.o init.o inrange.o nafill.o negate.o nqrecreateindices.o openmp-utils.o programming.o quickselect.o rbindlist.o reorder.o shift.o snprintf.o subset.o transpose.o types.o uniqlist.o utils.o vecseq.o wrappers.o -fopenmp -lz -L/usr/lib/R/lib -lR
PKG_CFLAGS = -fopenmp
PKG_LIBS = -fopenmp -lz
if [ "data.table.so" != "data_table.so" ]; then mv data.table.so data_table.so; fi
if [ "" != "Windows_NT" ] && [ `uname -s` = 'Darwin' ]; then install_name_tool -id data_table.so data_table.so; fi
make[1]: Leaving directory '/tmp/RtmpvrIq3l/R.INSTALL104627798ad4/data.table/src'
installing to /home/ubuntu/R/library/00LOCK-data.table/00new/data.table/libs
** R
** inst
** byte-compile and prepare package for lazy loading
** help
*** installing help indices
** building package indices
** installing vignettes
** testing if installed package can be loaded from temporary location
** checking absolute paths in shared objects and dynamic libraries
** testing if installed package can be loaded from final location
** testing if installed package keeps a record of temporary installation path
* DONE (data.table)
* installing *source* package ‘stringi’ ...
** package ‘stringi’ successfully unpacked and MD5 sums checked
** using staged installation
checking for R_HOME... /usr/lib/R
checking for R... /usr/lib/R/bin/R
checking for endianness... little
checking for cat... /usr/bin/cat
checking whether the C++ compiler works... yes
checking for C++ compiler default output file name... a.out
checking for suffix of executables... 
checking whether we are cross compiling... no
checking for suffix of object files... o
checking whether the compiler supports GNU C++... yes
checking whether g++ -std=gnu++14 accepts -g... yes
checking for g++ -std=gnu++14 option to enable C++11 features... none needed
checking whether the C++ compiler supports the 'long long' type... yes
checking whether the compiler implements namespaces... yes
checking whether the compiler supports the Standard Template Library... yes
checking whether std::map is available... yes
checking for pkg-config... /usr/bin/pkg-config
checking with 'pkg-config' for the system ICU4C (icu-i18n icu-uc)... 72.1
checking for ICU4C >= 61... yes
checking for additional CPPFLAGS, LDFLAGS, and LIBS required... done
checking whether an ICU4C-based project can be built... yes
checking programmatically for sufficient U_ICU_VERSION_MAJOR_NUM... yes
checking the capabilities of the ICU data library (ucnv, uloc, utrans)... yes
checking the capabilities of the ICU data library (ucol)... yes
checking for stdio.h... yes
checking for stdlib.h... yes
checking for string.h... yes
checking for inttypes.h... yes
checking for stdint.h... yes
checking for strings.h... yes
checking for sys/stat.h... yes
checking for sys/types.h... yes
checking for unistd.h... yes
checking for elf.h... yes
configure: creating ./config.status
config.status: creating src/Makevars
config.status: creating src/uconfig_local.h
config.status: creating src/install.libs.R

*** stringi configure summary:
    ICU_FOUND=1
    STRINGI_CXXSTD=
    STRINGI_CXXFLAGS=  -fpic
    STRINGI_CPPFLAGS=-I.   -UDEBUG -DNDEBUG -DU_HAVE_ELF_H 
    STRINGI_LDFLAGS=  -L/usr/lib/x86_64-linux-gnu 
    STRINGI_LIBS=  -licui18n -licuuc -licudata 

*** Compiler settings used:
    CXX=g++ -std=gnu++14
    LD=g++ -std=gnu++14
    CXXFLAGS=-g -O2 -ffile-prefix-map=/build/r-base-wZDgjM/r-base-4.2.2.20221110=. -fstack-protector-strong -Wformat -Werror=format-security -Wdate-time -D_FORTIFY_SOURCE=2
    CPPFLAGS=
    LDFLAGS=
    LIBS=

** libs
make[1]: Entering directory '/tmp/Rtmphoo5pt/R.INSTALLc68508ec009/stringi/src'
g++ -std=gnu++14 -I"/usr/share/R/include" -DNDEBUG -I.   -UDEBUG -DNDEBUG -DU_HAVE_ELF_H     -fpic -fpic  -g -O2 -ffile-prefix-map=/build/r-base-wZDgjM/r-base-4.2.2.20221110=. -fstack-protector-strong -Wformat -Werror=format-security -Wdate-time -D_FORTIFY_SOURCE=2  -c stri_brkiter.cpp -o stri_brkiter.o
g++ -std=gnu++14 -I"/usr/share/R/include" -DNDEBUG -I.   -UDEBUG -DNDEBUG -DU_HAVE_ELF_H     -fpic -fpic  -g -O2 -ffile-prefix-map=/build/r-base-wZDgjM/r-base-4.2.2.20221110=. -fstack-protector-strong -Wformat -Werror=format-security -Wdate-time -D_FORTIFY_SOURCE=2  -c stri_callables.cpp -o stri_callables.o
g++ -std=gnu++14 -I"/usr/share/R/include" -DNDEBUG -I.   -UDEBUG -DNDEBUG -DU_HAVE_ELF_H     -fpic -fpic  -g -O2 -ffile-prefix-map=/build/r-base-wZDgjM/r-base-4.2.2.20221110=. -fstack-protector-strong -Wformat -Werror=format-security -Wdate-time -D_FORTIFY_SOURCE=2  -c stri_collator.cpp -o stri_collator.o
g++ -std=gnu++14 -I"/usr/share/R/include" -DNDEBUG -I.   -UDEBUG -DNDEBUG -DU_HAVE_ELF_H     -fpic -fpic  -g -O2 -ffile-prefix-map=/build/r-base-wZDgjM/r-base-4.2.2.20221110=. -fstack-protector-strong -Wformat -Werror=format-security -Wdate-time -D_FORTIFY_SOURCE=2  -c stri_common.cpp -o stri_common.o
g++ -std=gnu++14 -I"/usr/share/R/include" -DNDEBUG -I.   -UDEBUG -DNDEBUG -DU_HAVE_ELF_H     -fpic -fpic  -g -O2 -ffile-prefix-map=/build/r-base-wZDgjM/r-base-4.2.2.20221110=. -fstack-protector-strong -Wformat -Werror=format-security -Wdate-time -D_FORTIFY_SOURCE=2  -c stri_compare.cpp -o stri_compare.o
g++ -std=gnu++14 -I"/usr/share/R/include" -DNDEBUG -I.   -UDEBUG -DNDEBUG -DU_HAVE_ELF_H     -fpic -fpic  -g -O2 -ffile-prefix-map=/build/r-base-wZDgjM/r-base-4.2.2.20221110=. -fstack-protector-strong -Wformat -Werror=format-security -Wdate-time -D_FORTIFY_SOURCE=2  -c stri_container_base.cpp -o stri_container_base.o
g++ -std=gnu++14 -I"/usr/share/R/include" -DNDEBUG -I.   -UDEBUG -DNDEBUG -DU_HAVE_ELF_H     -fpic -fpic  -g -O2 -ffile-prefix-map=/build/r-base-wZDgjM/r-base-4.2.2.20221110=. -fstack-protector-strong -Wformat -Werror=format-security -Wdate-time -D_FORTIFY_SOURCE=2  -c stri_container_bytesearch.cpp -o stri_container_bytesearch.o
g++ -std=gnu++14 -I"/usr/share/R/include" -DNDEBUG -I.   -UDEBUG -DNDEBUG -DU_HAVE_ELF_H     -fpic -fpic  -g -O2 -ffile-prefix-map=/build/r-base-wZDgjM/r-base-4.2.2.20221110=. -fstack-protector-strong -Wformat -Werror=format-security -Wdate-time -D_FORTIFY_SOURCE=2  -c stri_container_listint.cpp -o stri_container_listint.o
g++ -std=gnu++14 -I"/usr/share/R/include" -DNDEBUG -I.   -UDEBUG -DNDEBUG -DU_HAVE_ELF_H     -fpic -fpic  -g -O2 -ffile-prefix-map=/build/r-base-wZDgjM/r-base-4.2.2.20221110=. -fstack-protector-strong -Wformat -Werror=format-security -Wdate-time -D_FORTIFY_SOURCE=2  -c stri_container_listraw.cpp -o stri_container_listraw.o
g++ -std=gnu++14 -I"/usr/share/R/include" -DNDEBUG -I.   -UDEBUG -DNDEBUG -DU_HAVE_ELF_H     -fpic -fpic  -g -O2 -ffile-prefix-map=/build/r-base-wZDgjM/r-base-4.2.2.20221110=. -fstack-protector-strong -Wformat -Werror=format-security -Wdate-time -D_FORTIFY_SOURCE=2  -c stri_container_listutf8.cpp -o stri_container_listutf8.o
g++ -std=gnu++14 -I"/usr/share/R/include" -DNDEBUG -I.   -UDEBUG -DNDEBUG -DU_HAVE_ELF_H     -fpic -fpic  -g -O2 -ffile-prefix-map=/build/r-base-wZDgjM/r-base-4.2.2.20221110=. -fstack-protector-strong -Wformat -Werror=format-security -Wdate-time -D_FORTIFY_SOURCE=2  -c stri_container_regex.cpp -o stri_container_regex.o
g++ -std=gnu++14 -I"/usr/share/R/include" -DNDEBUG -I.   -UDEBUG -DNDEBUG -DU_HAVE_ELF_H     -fpic -fpic  -g -O2 -ffile-prefix-map=/build/r-base-wZDgjM/r-base-4.2.2.20221110=. -fstack-protector-strong -Wformat -Werror=format-security -Wdate-time -D_FORTIFY_SOURCE=2  -c stri_container_usearch.cpp -o stri_container_usearch.o
g++ -std=gnu++14 -I"/usr/share/R/include" -DNDEBUG -I.   -UDEBUG -DNDEBUG -DU_HAVE_ELF_H     -fpic -fpic  -g -O2 -ffile-prefix-map=/build/r-base-wZDgjM/r-base-4.2.2.20221110=. -fstack-protector-strong -Wformat -Werror=format-security -Wdate-time -D_FORTIFY_SOURCE=2  -c stri_container_utf16.cpp -o stri_container_utf16.o
g++ -std=gnu++14 -I"/usr/share/R/include" -DNDEBUG -I.   -UDEBUG -DNDEBUG -DU_HAVE_ELF_H     -fpic -fpic  -g -O2 -ffile-prefix-map=/build/r-base-wZDgjM/r-base-4.2.2.20221110=. -fstack-protector-strong -Wformat -Werror=format-security -Wdate-time -D_FORTIFY_SOURCE=2  -c stri_container_utf8.cpp -o stri_container_utf8.o
g++ -std=gnu++14 -I"/usr/share/R/include" -DNDEBUG -I.   -UDEBUG -DNDEBUG -DU_HAVE_ELF_H     -fpic -fpic  -g -O2 -ffile-prefix-map=/build/r-base-wZDgjM/r-base-4.2.2.20221110=. -fstack-protector-strong -Wformat -Werror=format-security -Wdate-time -D_FORTIFY_SOURCE=2  -c stri_container_utf8_indexable.cpp -o stri_container_utf8_indexable.o
g++ -std=gnu++14 -I"/usr/share/R/include" -DNDEBUG -I.   -UDEBUG -DNDEBUG -DU_HAVE_ELF_H     -fpic -fpic  -g -O2 -ffile-prefix-map=/build/r-base-wZDgjM/r-base-4.2.2.20221110=. -fstack-protector-strong -Wformat -Werror=format-security -Wdate-time -D_FORTIFY_SOURCE=2  -c stri_encoding_conversion.cpp -o stri_encoding_conversion.o
g++ -std=gnu++14 -I"/usr/share/R/include" -DNDEBUG -I.   -UDEBUG -DNDEBUG -DU_HAVE_ELF_H     -fpic -fpic  -g -O2 -ffile-prefix-map=/build/r-base-wZDgjM/r-base-4.2.2.20221110=. -fstack-protector-strong -Wformat -Werror=format-security -Wdate-time -D_FORTIFY_SOURCE=2  -c stri_encoding_detection.cpp -o stri_encoding_detection.o
g++ -std=gnu++14 -I"/usr/share/R/include" -DNDEBUG -I.   -UDEBUG -DNDEBUG -DU_HAVE_ELF_H     -fpic -fpic  -g -O2 -ffile-prefix-map=/build/r-base-wZDgjM/r-base-4.2.2.20221110=. -fstack-protector-strong -Wformat -Werror=format-security -Wdate-time -D_FORTIFY_SOURCE=2  -c stri_encoding_management.cpp -o stri_encoding_management.o
g++ -std=gnu++14 -I"/usr/share/R/include" -DNDEBUG -I.   -UDEBUG -DNDEBUG -DU_HAVE_ELF_H     -fpic -fpic  -g -O2 -ffile-prefix-map=/build/r-base-wZDgjM/r-base-4.2.2.20221110=. -fstack-protector-strong -Wformat -Werror=format-security -Wdate-time -D_FORTIFY_SOURCE=2  -c stri_escape.cpp -o stri_escape.o
g++ -std=gnu++14 -I"/usr/share/R/include" -DNDEBUG -I.   -UDEBUG -DNDEBUG -DU_HAVE_ELF_H     -fpic -fpic  -g -O2 -ffile-prefix-map=/build/r-base-wZDgjM/r-base-4.2.2.20221110=. -fstack-protector-strong -Wformat -Werror=format-security -Wdate-time -D_FORTIFY_SOURCE=2  -c stri_exception.cpp -o stri_exception.o
g++ -std=gnu++14 -I"/usr/share/R/include" -DNDEBUG -I.   -UDEBUG -DNDEBUG -DU_HAVE_ELF_H     -fpic -fpic  -g -O2 -ffile-prefix-map=/build/r-base-wZDgjM/r-base-4.2.2.20221110=. -fstack-protector-strong -Wformat -Werror=format-security -Wdate-time -D_FORTIFY_SOURCE=2  -c stri_ICU_settings.cpp -o stri_ICU_settings.o
In file included from stri_ICU_settings.cpp:37:
uconfig_local.h:42: warning: "UCONFIG_USE_WINDOWS_LCID_MAPPING_API" redefined
   42 | #define UCONFIG_USE_WINDOWS_LCID_MAPPING_API 0
      | 
In file included from /usr/include/unicode/platform.h:24,
                 from /usr/include/unicode/ptypes.h:52,
                 from stri_external.h:52,
                 from stri_stringi.h:36,
                 from stri_ICU_settings.cpp:33:
/usr/include/unicode/uconfig.h:381: note: this is the location of the previous definition
  381 | #   define UCONFIG_USE_WINDOWS_LCID_MAPPING_API 1
      | 
g++ -std=gnu++14 -I"/usr/share/R/include" -DNDEBUG -I.   -UDEBUG -DNDEBUG -DU_HAVE_ELF_H     -fpic -fpic  -g -O2 -ffile-prefix-map=/build/r-base-wZDgjM/r-base-4.2.2.20221110=. -fstack-protector-strong -Wformat -Werror=format-security -Wdate-time -D_FORTIFY_SOURCE=2  -c stri_join.cpp -o stri_join.o
g++ -std=gnu++14 -I"/usr/share/R/include" -DNDEBUG -I.   -UDEBUG -DNDEBUG -DU_HAVE_ELF_H     -fpic -fpic  -g -O2 -ffile-prefix-map=/build/r-base-wZDgjM/r-base-4.2.2.20221110=. -fstack-protector-strong -Wformat -Werror=format-security -Wdate-time -D_FORTIFY_SOURCE=2  -c stri_length.cpp -o stri_length.o
g++ -std=gnu++14 -I"/usr/share/R/include" -DNDEBUG -I.   -UDEBUG -DNDEBUG -DU_HAVE_ELF_H     -fpic -fpic  -g -O2 -ffile-prefix-map=/build/r-base-wZDgjM/r-base-4.2.2.20221110=. -fstack-protector-strong -Wformat -Werror=format-security -Wdate-time -D_FORTIFY_SOURCE=2  -c stri_pad.cpp -o stri_pad.o
g++ -std=gnu++14 -I"/usr/share/R/include" -DNDEBUG -I.   -UDEBUG -DNDEBUG -DU_HAVE_ELF_H     -fpic -fpic  -g -O2 -ffile-prefix-map=/build/r-base-wZDgjM/r-base-4.2.2.20221110=. -fstack-protector-strong -Wformat -Werror=format-security -Wdate-time -D_FORTIFY_SOURCE=2  -c stri_prepare_arg.cpp -o stri_prepare_arg.o
g++ -std=gnu++14 -I"/usr/share/R/include" -DNDEBUG -I.   -UDEBUG -DNDEBUG -DU_HAVE_ELF_H     -fpic -fpic  -g -O2 -ffile-prefix-map=/build/r-base-wZDgjM/r-base-4.2.2.20221110=. -fstack-protector-strong -Wformat -Werror=format-security -Wdate-time -D_FORTIFY_SOURCE=2  -c stri_random.cpp -o stri_random.o
g++ -std=gnu++14 -I"/usr/share/R/include" -DNDEBUG -I.   -UDEBUG -DNDEBUG -DU_HAVE_ELF_H     -fpic -fpic  -g -O2 -ffile-prefix-map=/build/r-base-wZDgjM/r-base-4.2.2.20221110=. -fstack-protector-strong -Wformat -Werror=format-security -Wdate-time -D_FORTIFY_SOURCE=2  -c stri_reverse.cpp -o stri_reverse.o
g++ -std=gnu++14 -I"/usr/share/R/include" -DNDEBUG -I.   -UDEBUG -DNDEBUG -DU_HAVE_ELF_H     -fpic -fpic  -g -O2 -ffile-prefix-map=/build/r-base-wZDgjM/r-base-4.2.2.20221110=. -fstack-protector-strong -Wformat -Werror=format-security -Wdate-time -D_FORTIFY_SOURCE=2  -c stri_search_class_count.cpp -o stri_search_class_count.o
g++ -std=gnu++14 -I"/usr/share/R/include" -DNDEBUG -I.   -UDEBUG -DNDEBUG -DU_HAVE_ELF_H     -fpic -fpic  -g -O2 -ffile-prefix-map=/build/r-base-wZDgjM/r-base-4.2.2.20221110=. -fstack-protector-strong -Wformat -Werror=format-security -Wdate-time -D_FORTIFY_SOURCE=2  -c stri_search_class_detect.cpp -o stri_search_class_detect.o
g++ -std=gnu++14 -I"/usr/share/R/include" -DNDEBUG -I.   -UDEBUG -DNDEBUG -DU_HAVE_ELF_H     -fpic -fpic  -g -O2 -ffile-prefix-map=/build/r-base-wZDgjM/r-base-4.2.2.20221110=. -fstack-protector-strong -Wformat -Werror=format-security -Wdate-time -D_FORTIFY_SOURCE=2  -c stri_search_class_extract.cpp -o stri_search_class_extract.o
g++ -std=gnu++14 -I"/usr/share/R/include" -DNDEBUG -I.   -UDEBUG -DNDEBUG -DU_HAVE_ELF_H     -fpic -fpic  -g -O2 -ffile-prefix-map=/build/r-base-wZDgjM/r-base-4.2.2.20221110=. -fstack-protector-strong -Wformat -Werror=format-security -Wdate-time -D_FORTIFY_SOURCE=2  -c stri_search_class_locate.cpp -o stri_search_class_locate.o
g++ -std=gnu++14 -I"/usr/share/R/include" -DNDEBUG -I.   -UDEBUG -DNDEBUG -DU_HAVE_ELF_H     -fpic -fpic  -g -O2 -ffile-prefix-map=/build/r-base-wZDgjM/r-base-4.2.2.20221110=. -fstack-protector-strong -Wformat -Werror=format-security -Wdate-time -D_FORTIFY_SOURCE=2  -c stri_search_class_replace.cpp -o stri_search_class_replace.o
g++ -std=gnu++14 -I"/usr/share/R/include" -DNDEBUG -I.   -UDEBUG -DNDEBUG -DU_HAVE_ELF_H     -fpic -fpic  -g -O2 -ffile-prefix-map=/build/r-base-wZDgjM/r-base-4.2.2.20221110=. -fstack-protector-strong -Wformat -Werror=format-security -Wdate-time -D_FORTIFY_SOURCE=2  -c stri_search_class_split.cpp -o stri_search_class_split.o
g++ -std=gnu++14 -I"/usr/share/R/include" -DNDEBUG -I.   -UDEBUG -DNDEBUG -DU_HAVE_ELF_H     -fpic -fpic  -g -O2 -ffile-prefix-map=/build/r-base-wZDgjM/r-base-4.2.2.20221110=. -fstack-protector-strong -Wformat -Werror=format-security -Wdate-time -D_FORTIFY_SOURCE=2  -c stri_search_class_startsendswith.cpp -o stri_search_class_startsendswith.o
g++ -std=gnu++14 -I"/usr/share/R/include" -DNDEBUG -I.   -UDEBUG -DNDEBUG -DU_HAVE_ELF_H     -fpic -fpic  -g -O2 -ffile-prefix-map=/build/r-base-wZDgjM/r-base-4.2.2.20221110=. -fstack-protector-strong -Wformat -Werror=format-security -Wdate-time -D_FORTIFY_SOURCE=2  -c stri_search_class_subset.cpp -o stri_search_class_subset.o
g++ -std=gnu++14 -I"/usr/share/R/include" -DNDEBUG -I.   -UDEBUG -DNDEBUG -DU_HAVE_ELF_H     -fpic -fpic  -g -O2 -ffile-prefix-map=/build/r-base-wZDgjM/r-base-4.2.2.20221110=. -fstack-protector-strong -Wformat -Werror=format-security -Wdate-time -D_FORTIFY_SOURCE=2  -c stri_search_class_trim.cpp -o stri_search_class_trim.o
g++ -std=gnu++14 -I"/usr/share/R/include" -DNDEBUG -I.   -UDEBUG -DNDEBUG -DU_HAVE_ELF_H     -fpic -fpic  -g -O2 -ffile-prefix-map=/build/r-base-wZDgjM/r-base-4.2.2.20221110=. -fstack-protector-strong -Wformat -Werror=format-security -Wdate-time -D_FORTIFY_SOURCE=2  -c stri_search_common.cpp -o stri_search_common.o
g++ -std=gnu++14 -I"/usr/share/R/include" -DNDEBUG -I.   -UDEBUG -DNDEBUG -DU_HAVE_ELF_H     -fpic -fpic  -g -O2 -ffile-prefix-map=/build/r-base-wZDgjM/r-base-4.2.2.20221110=. -fstack-protector-strong -Wformat -Werror=format-security -Wdate-time -D_FORTIFY_SOURCE=2  -c stri_search_coll_count.cpp -o stri_search_coll_count.o
g++ -std=gnu++14 -I"/usr/share/R/include" -DNDEBUG -I.   -UDEBUG -DNDEBUG -DU_HAVE_ELF_H     -fpic -fpic  -g -O2 -ffile-prefix-map=/build/r-base-wZDgjM/r-base-4.2.2.20221110=. -fstack-protector-strong -Wformat -Werror=format-security -Wdate-time -D_FORTIFY_SOURCE=2  -c stri_search_coll_detect.cpp -o stri_search_coll_detect.o
g++ -std=gnu++14 -I"/usr/share/R/include" -DNDEBUG -I.   -UDEBUG -DNDEBUG -DU_HAVE_ELF_H     -fpic -fpic  -g -O2 -ffile-prefix-map=/build/r-base-wZDgjM/r-base-4.2.2.20221110=. -fstack-protector-strong -Wformat -Werror=format-security -Wdate-time -D_FORTIFY_SOURCE=2  -c stri_search_coll_extract.cpp -o stri_search_coll_extract.o
g++ -std=gnu++14 -I"/usr/share/R/include" -DNDEBUG -I.   -UDEBUG -DNDEBUG -DU_HAVE_ELF_H     -fpic -fpic  -g -O2 -ffile-prefix-map=/build/r-base-wZDgjM/r-base-4.2.2.20221110=. -fstack-protector-strong -Wformat -Werror=format-security -Wdate-time -D_FORTIFY_SOURCE=2  -c stri_search_coll_locate.cpp -o stri_search_coll_locate.o
g++ -std=gnu++14 -I"/usr/share/R/include" -DNDEBUG -I.   -UDEBUG -DNDEBUG -DU_HAVE_ELF_H     -fpic -fpic  -g -O2 -ffile-prefix-map=/build/r-base-wZDgjM/r-base-4.2.2.20221110=. -fstack-protector-strong -Wformat -Werror=format-security -Wdate-time -D_FORTIFY_SOURCE=2  -c stri_search_coll_replace.cpp -o stri_search_coll_replace.o
g++ -std=gnu++14 -I"/usr/share/R/include" -DNDEBUG -I.   -UDEBUG -DNDEBUG -DU_HAVE_ELF_H     -fpic -fpic  -g -O2 -ffile-prefix-map=/build/r-base-wZDgjM/r-base-4.2.2.20221110=. -fstack-protector-strong -Wformat -Werror=format-security -Wdate-time -D_FORTIFY_SOURCE=2  -c stri_search_coll_split.cpp -o stri_search_coll_split.o
g++ -std=gnu++14 -I"/usr/share/R/include" -DNDEBUG -I.   -UDEBUG -DNDEBUG -DU_HAVE_ELF_H     -fpic -fpic  -g -O2 -ffile-prefix-map=/build/r-base-wZDgjM/r-base-4.2.2.20221110=. -fstack-protector-strong -Wformat -Werror=format-security -Wdate-time -D_FORTIFY_SOURCE=2  -c stri_search_coll_startsendswith.cpp -o stri_search_coll_startsendswith.o
g++ -std=gnu++14 -I"/usr/share/R/include" -DNDEBUG -I.   -UDEBUG -DNDEBUG -DU_HAVE_ELF_H     -fpic -fpic  -g -O2 -ffile-prefix-map=/build/r-base-wZDgjM/r-base-4.2.2.20221110=. -fstack-protector-strong -Wformat -Werror=format-security -Wdate-time -D_FORTIFY_SOURCE=2  -c stri_search_coll_subset.cpp -o stri_search_coll_subset.o
g++ -std=gnu++14 -I"/usr/share/R/include" -DNDEBUG -I.   -UDEBUG -DNDEBUG -DU_HAVE_ELF_H     -fpic -fpic  -g -O2 -ffile-prefix-map=/build/r-base-wZDgjM/r-base-4.2.2.20221110=. -fstack-protector-strong -Wformat -Werror=format-security -Wdate-time -D_FORTIFY_SOURCE=2  -c stri_search_boundaries_count.cpp -o stri_search_boundaries_count.o
g++ -std=gnu++14 -I"/usr/share/R/include" -DNDEBUG -I.   -UDEBUG -DNDEBUG -DU_HAVE_ELF_H     -fpic -fpic  -g -O2 -ffile-prefix-map=/build/r-base-wZDgjM/r-base-4.2.2.20221110=. -fstack-protector-strong -Wformat -Werror=format-security -Wdate-time -D_FORTIFY_SOURCE=2  -c stri_search_boundaries_extract.cpp -o stri_search_boundaries_extract.o
g++ -std=gnu++14 -I"/usr/share/R/include" -DNDEBUG -I.   -UDEBUG -DNDEBUG -DU_HAVE_ELF_H     -fpic -fpic  -g -O2 -ffile-prefix-map=/build/r-base-wZDgjM/r-base-4.2.2.20221110=. -fstack-protector-strong -Wformat -Werror=format-security -Wdate-time -D_FORTIFY_SOURCE=2  -c stri_search_boundaries_locate.cpp -o stri_search_boundaries_locate.o
g++ -std=gnu++14 -I"/usr/share/R/include" -DNDEBUG -I.   -UDEBUG -DNDEBUG -DU_HAVE_ELF_H     -fpic -fpic  -g -O2 -ffile-prefix-map=/build/r-base-wZDgjM/r-base-4.2.2.20221110=. -fstack-protector-strong -Wformat -Werror=format-security -Wdate-time -D_FORTIFY_SOURCE=2  -c stri_search_boundaries_split.cpp -o stri_search_boundaries_split.o
g++ -std=gnu++14 -I"/usr/share/R/include" -DNDEBUG -I.   -UDEBUG -DNDEBUG -DU_HAVE_ELF_H     -fpic -fpic  -g -O2 -ffile-prefix-map=/build/r-base-wZDgjM/r-base-4.2.2.20221110=. -fstack-protector-strong -Wformat -Werror=format-security -Wdate-time -D_FORTIFY_SOURCE=2  -c stri_search_fixed_count.cpp -o stri_search_fixed_count.o
g++ -std=gnu++14 -I"/usr/share/R/include" -DNDEBUG -I.   -UDEBUG -DNDEBUG -DU_HAVE_ELF_H     -fpic -fpic  -g -O2 -ffile-prefix-map=/build/r-base-wZDgjM/r-base-4.2.2.20221110=. -fstack-protector-strong -Wformat -Werror=format-security -Wdate-time -D_FORTIFY_SOURCE=2  -c stri_search_fixed_detect.cpp -o stri_search_fixed_detect.o
g++ -std=gnu++14 -I"/usr/share/R/include" -DNDEBUG -I.   -UDEBUG -DNDEBUG -DU_HAVE_ELF_H     -fpic -fpic  -g -O2 -ffile-prefix-map=/build/r-base-wZDgjM/r-base-4.2.2.20221110=. -fstack-protector-strong -Wformat -Werror=format-security -Wdate-time -D_FORTIFY_SOURCE=2  -c stri_search_fixed_extract.cpp -o stri_search_fixed_extract.o
g++ -std=gnu++14 -I"/usr/share/R/include" -DNDEBUG -I.   -UDEBUG -DNDEBUG -DU_HAVE_ELF_H     -fpic -fpic  -g -O2 -ffile-prefix-map=/build/r-base-wZDgjM/r-base-4.2.2.20221110=. -fstack-protector-strong -Wformat -Werror=format-security -Wdate-time -D_FORTIFY_SOURCE=2  -c stri_search_fixed_locate.cpp -o stri_search_fixed_locate.o
g++ -std=gnu++14 -I"/usr/share/R/include" -DNDEBUG -I.   -UDEBUG -DNDEBUG -DU_HAVE_ELF_H     -fpic -fpic  -g -O2 -ffile-prefix-map=/build/r-base-wZDgjM/r-base-4.2.2.20221110=. -fstack-protector-strong -Wformat -Werror=format-security -Wdate-time -D_FORTIFY_SOURCE=2  -c stri_search_fixed_replace.cpp -o stri_search_fixed_replace.o
g++ -std=gnu++14 -I"/usr/share/R/include" -DNDEBUG -I.   -UDEBUG -DNDEBUG -DU_HAVE_ELF_H     -fpic -fpic  -g -O2 -ffile-prefix-map=/build/r-base-wZDgjM/r-base-4.2.2.20221110=. -fstack-protector-strong -Wformat -Werror=format-security -Wdate-time -D_FORTIFY_SOURCE=2  -c stri_search_fixed_split.cpp -o stri_search_fixed_split.o
g++ -std=gnu++14 -I"/usr/share/R/include" -DNDEBUG -I.   -UDEBUG -DNDEBUG -DU_HAVE_ELF_H     -fpic -fpic  -g -O2 -ffile-prefix-map=/build/r-base-wZDgjM/r-base-4.2.2.20221110=. -fstack-protector-strong -Wformat -Werror=format-security -Wdate-time -D_FORTIFY_SOURCE=2  -c stri_search_fixed_subset.cpp -o stri_search_fixed_subset.o
g++ -std=gnu++14 -I"/usr/share/R/include" -DNDEBUG -I.   -UDEBUG -DNDEBUG -DU_HAVE_ELF_H     -fpic -fpic  -g -O2 -ffile-prefix-map=/build/r-base-wZDgjM/r-base-4.2.2.20221110=. -fstack-protector-strong -Wformat -Werror=format-security -Wdate-time -D_FORTIFY_SOURCE=2  -c stri_search_fixed_startsendswith.cpp -o stri_search_fixed_startsendswith.o
g++ -std=gnu++14 -I"/usr/share/R/include" -DNDEBUG -I.   -UDEBUG -DNDEBUG -DU_HAVE_ELF_H     -fpic -fpic  -g -O2 -ffile-prefix-map=/build/r-base-wZDgjM/r-base-4.2.2.20221110=. -fstack-protector-strong -Wformat -Werror=format-security -Wdate-time -D_FORTIFY_SOURCE=2  -c stri_search_in.cpp -o stri_search_in.o
g++ -std=gnu++14 -I"/usr/share/R/include" -DNDEBUG -I.   -UDEBUG -DNDEBUG -DU_HAVE_ELF_H     -fpic -fpic  -g -O2 -ffile-prefix-map=/build/r-base-wZDgjM/r-base-4.2.2.20221110=. -fstack-protector-strong -Wformat -Werror=format-security -Wdate-time -D_FORTIFY_SOURCE=2  -c stri_search_other_split.cpp -o stri_search_other_split.o
g++ -std=gnu++14 -I"/usr/share/R/include" -DNDEBUG -I.   -UDEBUG -DNDEBUG -DU_HAVE_ELF_H     -fpic -fpic  -g -O2 -ffile-prefix-map=/build/r-base-wZDgjM/r-base-4.2.2.20221110=. -fstack-protector-strong -Wformat -Werror=format-security -Wdate-time -D_FORTIFY_SOURCE=2  -c stri_search_regex_count.cpp -o stri_search_regex_count.o
g++ -std=gnu++14 -I"/usr/share/R/include" -DNDEBUG -I.   -UDEBUG -DNDEBUG -DU_HAVE_ELF_H     -fpic -fpic  -g -O2 -ffile-prefix-map=/build/r-base-wZDgjM/r-base-4.2.2.20221110=. -fstack-protector-strong -Wformat -Werror=format-security -Wdate-time -D_FORTIFY_SOURCE=2  -c stri_search_regex_detect.cpp -o stri_search_regex_detect.o
g++ -std=gnu++14 -I"/usr/share/R/include" -DNDEBUG -I.   -UDEBUG -DNDEBUG -DU_HAVE_ELF_H     -fpic -fpic  -g -O2 -ffile-prefix-map=/build/r-base-wZDgjM/r-base-4.2.2.20221110=. -fstack-protector-strong -Wformat -Werror=format-security -Wdate-time -D_FORTIFY_SOURCE=2  -c stri_search_regex_extract.cpp -o stri_search_regex_extract.o
g++ -std=gnu++14 -I"/usr/share/R/include" -DNDEBUG -I.   -UDEBUG -DNDEBUG -DU_HAVE_ELF_H     -fpic -fpic  -g -O2 -ffile-prefix-map=/build/r-base-wZDgjM/r-base-4.2.2.20221110=. -fstack-protector-strong -Wformat -Werror=format-security -Wdate-time -D_FORTIFY_SOURCE=2  -c stri_search_regex_locate.cpp -o stri_search_regex_locate.o
g++ -std=gnu++14 -I"/usr/share/R/include" -DNDEBUG -I.   -UDEBUG -DNDEBUG -DU_HAVE_ELF_H     -fpic -fpic  -g -O2 -ffile-prefix-map=/build/r-base-wZDgjM/r-base-4.2.2.20221110=. -fstack-protector-strong -Wformat -Werror=format-security -Wdate-time -D_FORTIFY_SOURCE=2  -c stri_search_regex_match.cpp -o stri_search_regex_match.o
g++ -std=gnu++14 -I"/usr/share/R/include" -DNDEBUG -I.   -UDEBUG -DNDEBUG -DU_HAVE_ELF_H     -fpic -fpic  -g -O2 -ffile-prefix-map=/build/r-base-wZDgjM/r-base-4.2.2.20221110=. -fstack-protector-strong -Wformat -Werror=format-security -Wdate-time -D_FORTIFY_SOURCE=2  -c stri_search_regex_replace.cpp -o stri_search_regex_replace.o
g++ -std=gnu++14 -I"/usr/share/R/include" -DNDEBUG -I.   -UDEBUG -DNDEBUG -DU_HAVE_ELF_H     -fpic -fpic  -g -O2 -ffile-prefix-map=/build/r-base-wZDgjM/r-base-4.2.2.20221110=. -fstack-protector-strong -Wformat -Werror=format-security -Wdate-time -D_FORTIFY_SOURCE=2  -c stri_search_regex_split.cpp -o stri_search_regex_split.o
g++ -std=gnu++14 -I"/usr/share/R/include" -DNDEBUG -I.   -UDEBUG -DNDEBUG -DU_HAVE_ELF_H     -fpic -fpic  -g -O2 -ffile-prefix-map=/build/r-base-wZDgjM/r-base-4.2.2.20221110=. -fstack-protector-strong -Wformat -Werror=format-security -Wdate-time -D_FORTIFY_SOURCE=2  -c stri_search_regex_subset.cpp -o stri_search_regex_subset.o
g++ -std=gnu++14 -I"/usr/share/R/include" -DNDEBUG -I.   -UDEBUG -DNDEBUG -DU_HAVE_ELF_H     -fpic -fpic  -g -O2 -ffile-prefix-map=/build/r-base-wZDgjM/r-base-4.2.2.20221110=. -fstack-protector-strong -Wformat -Werror=format-security -Wdate-time -D_FORTIFY_SOURCE=2  -c stri_sort.cpp -o stri_sort.o
g++ -std=gnu++14 -I"/usr/share/R/include" -DNDEBUG -I.   -UDEBUG -DNDEBUG -DU_HAVE_ELF_H     -fpic -fpic  -g -O2 -ffile-prefix-map=/build/r-base-wZDgjM/r-base-4.2.2.20221110=. -fstack-protector-strong -Wformat -Werror=format-security -Wdate-time -D_FORTIFY_SOURCE=2  -c stri_sprintf.cpp -o stri_sprintf.o
g++ -std=gnu++14 -I"/usr/share/R/include" -DNDEBUG -I.   -UDEBUG -DNDEBUG -DU_HAVE_ELF_H     -fpic -fpic  -g -O2 -ffile-prefix-map=/build/r-base-wZDgjM/r-base-4.2.2.20221110=. -fstack-protector-strong -Wformat -Werror=format-security -Wdate-time -D_FORTIFY_SOURCE=2  -c stri_stats.cpp -o stri_stats.o
g++ -std=gnu++14 -I"/usr/share/R/include" -DNDEBUG -I.   -UDEBUG -DNDEBUG -DU_HAVE_ELF_H     -fpic -fpic  -g -O2 -ffile-prefix-map=/build/r-base-wZDgjM/r-base-4.2.2.20221110=. -fstack-protector-strong -Wformat -Werror=format-security -Wdate-time -D_FORTIFY_SOURCE=2  -c stri_string8.cpp -o stri_string8.o
g++ -std=gnu++14 -I"/usr/share/R/include" -DNDEBUG -I.   -UDEBUG -DNDEBUG -DU_HAVE_ELF_H     -fpic -fpic  -g -O2 -ffile-prefix-map=/build/r-base-wZDgjM/r-base-4.2.2.20221110=. -fstack-protector-strong -Wformat -Werror=format-security -Wdate-time -D_FORTIFY_SOURCE=2  -c stri_stringi.cpp -o stri_stringi.o
In file included from stri_stringi.cpp:40:
uconfig_local.h:42: warning: "UCONFIG_USE_WINDOWS_LCID_MAPPING_API" redefined
   42 | #define UCONFIG_USE_WINDOWS_LCID_MAPPING_API 0
      | 
In file included from /usr/include/unicode/platform.h:24,
                 from /usr/include/unicode/ptypes.h:52,
                 from stri_external.h:52,
                 from stri_stringi.h:36,
                 from stri_stringi.cpp:33:
/usr/include/unicode/uconfig.h:381: note: this is the location of the previous definition
  381 | #   define UCONFIG_USE_WINDOWS_LCID_MAPPING_API 1
      | 
g++ -std=gnu++14 -I"/usr/share/R/include" -DNDEBUG -I.   -UDEBUG -DNDEBUG -DU_HAVE_ELF_H     -fpic -fpic  -g -O2 -ffile-prefix-map=/build/r-base-wZDgjM/r-base-4.2.2.20221110=. -fstack-protector-strong -Wformat -Werror=format-security -Wdate-time -D_FORTIFY_SOURCE=2  -c stri_sub.cpp -o stri_sub.o
g++ -std=gnu++14 -I"/usr/share/R/include" -DNDEBUG -I.   -UDEBUG -DNDEBUG -DU_HAVE_ELF_H     -fpic -fpic  -g -O2 -ffile-prefix-map=/build/r-base-wZDgjM/r-base-4.2.2.20221110=. -fstack-protector-strong -Wformat -Werror=format-security -Wdate-time -D_FORTIFY_SOURCE=2  -c stri_test.cpp -o stri_test.o
g++ -std=gnu++14 -I"/usr/share/R/include" -DNDEBUG -I.   -UDEBUG -DNDEBUG -DU_HAVE_ELF_H     -fpic -fpic  -g -O2 -ffile-prefix-map=/build/r-base-wZDgjM/r-base-4.2.2.20221110=. -fstack-protector-strong -Wformat -Werror=format-security -Wdate-time -D_FORTIFY_SOURCE=2  -c stri_time_zone.cpp -o stri_time_zone.o
g++ -std=gnu++14 -I"/usr/share/R/include" -DNDEBUG -I.   -UDEBUG -DNDEBUG -DU_HAVE_ELF_H     -fpic -fpic  -g -O2 -ffile-prefix-map=/build/r-base-wZDgjM/r-base-4.2.2.20221110=. -fstack-protector-strong -Wformat -Werror=format-security -Wdate-time -D_FORTIFY_SOURCE=2  -c stri_time_calendar.cpp -o stri_time_calendar.o
g++ -std=gnu++14 -I"/usr/share/R/include" -DNDEBUG -I.   -UDEBUG -DNDEBUG -DU_HAVE_ELF_H     -fpic -fpic  -g -O2 -ffile-prefix-map=/build/r-base-wZDgjM/r-base-4.2.2.20221110=. -fstack-protector-strong -Wformat -Werror=format-security -Wdate-time -D_FORTIFY_SOURCE=2  -c stri_time_symbols.cpp -o stri_time_symbols.o
g++ -std=gnu++14 -I"/usr/share/R/include" -DNDEBUG -I.   -UDEBUG -DNDEBUG -DU_HAVE_ELF_H     -fpic -fpic  -g -O2 -ffile-prefix-map=/build/r-base-wZDgjM/r-base-4.2.2.20221110=. -fstack-protector-strong -Wformat -Werror=format-security -Wdate-time -D_FORTIFY_SOURCE=2  -c stri_time_format.cpp -o stri_time_format.o
g++ -std=gnu++14 -I"/usr/share/R/include" -DNDEBUG -I.   -UDEBUG -DNDEBUG -DU_HAVE_ELF_H     -fpic -fpic  -g -O2 -ffile-prefix-map=/build/r-base-wZDgjM/r-base-4.2.2.20221110=. -fstack-protector-strong -Wformat -Werror=format-security -Wdate-time -D_FORTIFY_SOURCE=2  -c stri_trans_casemap.cpp -o stri_trans_casemap.o
g++ -std=gnu++14 -I"/usr/share/R/include" -DNDEBUG -I.   -UDEBUG -DNDEBUG -DU_HAVE_ELF_H     -fpic -fpic  -g -O2 -ffile-prefix-map=/build/r-base-wZDgjM/r-base-4.2.2.20221110=. -fstack-protector-strong -Wformat -Werror=format-security -Wdate-time -D_FORTIFY_SOURCE=2  -c stri_trans_other.cpp -o stri_trans_other.o
g++ -std=gnu++14 -I"/usr/share/R/include" -DNDEBUG -I.   -UDEBUG -DNDEBUG -DU_HAVE_ELF_H     -fpic -fpic  -g -O2 -ffile-prefix-map=/build/r-base-wZDgjM/r-base-4.2.2.20221110=. -fstack-protector-strong -Wformat -Werror=format-security -Wdate-time -D_FORTIFY_SOURCE=2  -c stri_trans_normalization.cpp -o stri_trans_normalization.o
g++ -std=gnu++14 -I"/usr/share/R/include" -DNDEBUG -I.   -UDEBUG -DNDEBUG -DU_HAVE_ELF_H     -fpic -fpic  -g -O2 -ffile-prefix-map=/build/r-base-wZDgjM/r-base-4.2.2.20221110=. -fstack-protector-strong -Wformat -Werror=format-security -Wdate-time -D_FORTIFY_SOURCE=2  -c stri_trans_transliterate.cpp -o stri_trans_transliterate.o
g++ -std=gnu++14 -I"/usr/share/R/include" -DNDEBUG -I.   -UDEBUG -DNDEBUG -DU_HAVE_ELF_H     -fpic -fpic  -g -O2 -ffile-prefix-map=/build/r-base-wZDgjM/r-base-4.2.2.20221110=. -fstack-protector-strong -Wformat -Werror=format-security -Wdate-time -D_FORTIFY_SOURCE=2  -c stri_ucnv.cpp -o stri_ucnv.o
g++ -std=gnu++14 -I"/usr/share/R/include" -DNDEBUG -I.   -UDEBUG -DNDEBUG -DU_HAVE_ELF_H     -fpic -fpic  -g -O2 -ffile-prefix-map=/build/r-base-wZDgjM/r-base-4.2.2.20221110=. -fstack-protector-strong -Wformat -Werror=format-security -Wdate-time -D_FORTIFY_SOURCE=2  -c stri_uloc.cpp -o stri_uloc.o
g++ -std=gnu++14 -I"/usr/share/R/include" -DNDEBUG -I.   -UDEBUG -DNDEBUG -DU_HAVE_ELF_H     -fpic -fpic  -g -O2 -ffile-prefix-map=/build/r-base-wZDgjM/r-base-4.2.2.20221110=. -fstack-protector-strong -Wformat -Werror=format-security -Wdate-time -D_FORTIFY_SOURCE=2  -c stri_utils.cpp -o stri_utils.o
g++ -std=gnu++14 -I"/usr/share/R/include" -DNDEBUG -I.   -UDEBUG -DNDEBUG -DU_HAVE_ELF_H     -fpic -fpic  -g -O2 -ffile-prefix-map=/build/r-base-wZDgjM/r-base-4.2.2.20221110=. -fstack-protector-strong -Wformat -Werror=format-security -Wdate-time -D_FORTIFY_SOURCE=2  -c stri_wrap.cpp -o stri_wrap.o
g++ -std=gnu++14 -shared -L/usr/lib/R/lib -Wl,-z,relro -o stringi.so stri_brkiter.o stri_callables.o stri_collator.o stri_common.o stri_compare.o stri_container_base.o stri_container_bytesearch.o stri_container_listint.o stri_container_listraw.o stri_container_listutf8.o stri_container_regex.o stri_container_usearch.o stri_container_utf16.o stri_container_utf8.o stri_container_utf8_indexable.o stri_encoding_conversion.o stri_encoding_detection.o stri_encoding_management.o stri_escape.o stri_exception.o stri_ICU_settings.o stri_join.o stri_length.o stri_pad.o stri_prepare_arg.o stri_random.o stri_reverse.o stri_search_class_count.o stri_search_class_detect.o stri_search_class_extract.o stri_search_class_locate.o stri_search_class_replace.o stri_search_class_split.o stri_search_class_startsendswith.o stri_search_class_subset.o stri_search_class_trim.o stri_search_common.o stri_search_coll_count.o stri_search_coll_detect.o stri_search_coll_extract.o stri_search_coll_locate.o stri_search_coll_replace.o stri_search_coll_split.o stri_search_coll_startsendswith.o stri_search_coll_subset.o stri_search_boundaries_count.o stri_search_boundaries_extract.o stri_search_boundaries_locate.o stri_search_boundaries_split.o stri_search_fixed_count.o stri_search_fixed_detect.o stri_search_fixed_extract.o stri_search_fixed_locate.o stri_search_fixed_replace.o stri_search_fixed_split.o stri_search_fixed_subset.o stri_search_fixed_startsendswith.o stri_search_in.o stri_search_other_split.o stri_search_regex_count.o stri_search_regex_detect.o stri_search_regex_extract.o stri_search_regex_locate.o stri_search_regex_match.o stri_search_regex_replace.o stri_search_regex_split.o stri_search_regex_subset.o stri_sort.o stri_sprintf.o stri_stats.o stri_string8.o stri_stringi.o stri_sub.o stri_test.o stri_time_zone.o stri_time_calendar.o stri_time_symbols.o stri_time_format.o stri_trans_casemap.o stri_trans_other.o stri_trans_normalization.o stri_trans_transliterate.o stri_ucnv.o stri_uloc.o stri_utils.o stri_wrap.o -L/usr/lib/x86_64-linux-gnu -licui18n -licuuc -licudata -L/usr/lib/R/lib -lR
make[1]: Leaving directory '/tmp/Rtmphoo5pt/R.INSTALLc68508ec009/stringi/src'
installing via 'install.libs.R' to /home/ubuntu/R/library/00LOCK-stringi/00new/stringi
** R
** inst
** byte-compile and prepare package for lazy loading
** help
*** installing help indices
** building package indices
** testing if installed package can be loaded from temporary location
** checking absolute paths in shared objects and dynamic libraries
** testing if installed package can be loaded from final location
** testing if installed package keeps a record of temporary installation path
* DONE (stringi)
make: Target 'all' not remade because of errors.
ERROR: failed to lock directory ‘/home/ubuntu/R/library’ for modifying
Try removing ‘/home/ubuntu/R/library/00LOCK-vctrs’
cat: pillar.out: No such file or directory
cat: tidyselect.out: No such file or directory
cat: purrr.out: No such file or directory
cat: stringr.out: No such file or directory
cat: ggplot2.out: No such file or directory
cat: tibble.out: No such file or directory
cat: dplyr.out: No such file or directory
cat: tidyr.out: No such file or directory

The downloaded source packages are in
	‘/tmp/Rtmpq1ZE4J/downloaded_packages’
Warning message:
In install.packages(packages, repos = "https://cloud.r-project.org/",  :
  installation of one or more packages failed,
  probably ‘vctrs’, ‘pillar’, ‘tidyselect’, ‘purrr’, ‘stringr’, ‘ggplot2’, ‘tibble’, ‘dplyr’, ‘tidyr’
> 
> proc.time()
   user  system elapsed 
 67.734  12.901  62.972 
